editor/cubemap.hdr
editor/cubemap
effects/flashlight001
effects/fleck_antlion1
effects/fleck_antlion2
effects/gunshiptracer
effects/slime1
tools/toolsareaportal
tools/toolsclip
tools/toolshint
tools/toolsnodraw
tools/toolsskip
tools/toolsskybox
tools/toolstrigger
models/props_2fort/chalkboard01
models/props_2fort/oildrum006
models/props_2fort/window002b_noalpha
models/props_2fort/window002b_selfillum
models/props_2fort/window003b_noalpha
models/props_2fort/window003b_selfillum
models/props_2fort/window005b
models/props_debris/concretedebris_chunk01
models/props_farm/tree001_card_skin2
models/props_farm/welding_machine01_skin2
models/props_gameplay/door_slide_large_noentry
models/props_gameplay/door_slide_noentry
models/props_gameplay/security_fence_light01_on
models/props_gameplay/security_fence_light01_selfillummask
models/props_gameplay/sign_gameplay01_skin10
models/props_gameplay/sign_gameplay01_skin3
models/props_gameplay/sign_gameplay01_skin4
models/props_gameplay/sign_gameplay01_skin9
models/props_granary/grain_sack_blue
models/props_lights/spotlight001a_grey_noalpha
models/props_mining/computer_industrial04_skin2_noalpha
models/props_mining/computer_industrial05_skin2_noalpha
models/props_skybox/horizon_facade_brown
models/props_spytech/siren_skin2
models/props_spytech/siren001b
