


materialPath: C:\Program Files (x86)\Steam\steamapps\sourcemods\tf_coop_lambda\custom\campaign\materials
Loading c:\program files (x86)\steam\steamapps\sourcemods\tf_coop_lambda\maps\highway_35.vmf
Map revision 1
Could not locate GameData file tf_coop_extended.fgd
fixing up env_cubemap materials on brush sides...
0...1...2...3...4...5...6...7...8...9...100...1...2...3...4...5...6...7...8...9...10Processing areas...done (0)
Building Faces...done (0)
Chop Details...done (0)
Find Visible Detail Sides...
Merged 50 detail faces...done (0)
Merging details...done (0)
FixTjuncs...
PruneNodes...
WriteBSP...
done (0)
writing c:\program files (x86)\steam\steamapps\sourcemods\tf_coop_lambda\maps\highway_35.prt...Building visibility clusters...
done (0)
Finding displacement neighbors...
Finding lightmap sample positions...
Displacement Alpha : 0...1...2...3...4...5...6...7...8...9...10
Building Physics collision data...
done (1) (189698 bytes)
Placing detail props : 0...1...2...3...4...5...6...7...8...9...10
Compacting texture/material tables...
Reduced 1575 texinfos to 535
Reduced 427 texdatas to 192 (26606 bytes to 11742)
Writing c:\program files (x86)\steam\steamapps\sourcemods\tf_coop_lambda\maps\highway_35.bsp
MSG_FILEWRITE - Filesystem was asked to write to 'c:\program files (x86)\steam\steamapps\sourcemods\tf_coop_lambda\maps\highway_35.bsp', but we don't own that location. Allowing.
Wrote ZIP buffer, estimated size 27794752, actual size 27654106
3 seconds elapsed



16 threads
reading c:\program files (x86)\steam\steamapps\sourcemods\tf_coop_lambda\maps\highway_35.bsp
reading c:\program files (x86)\steam\steamapps\sourcemods\tf_coop_lambda\maps\highway_35.prt
3450 portalclusters
4850 numportals
0...1...2...3...4...5...6...7...8...9...10Optimized: 791 visible clusters (0.00%)
Total clusters visible: 261023
Average clusters visible: 75
Building PAS...
Average clusters audible: 159
visdatasize:1648018  compressed from 2980800
writing c:\program files (x86)\steam\steamapps\sourcemods\tf_coop_lambda\maps\highway_35.bsp
MSG_FILEWRITE - Filesystem was asked to write to 'c:\program files (x86)\steam\steamapps\sourcemods\tf_coop_lambda\maps\highway_35.bsp', but we don't own that location. Allowing.
0 seconds elapsed



[Reading texlights from 'lights.rad']
[50 texlights parsed from 'lights.rad']

Loading c:\program files (x86)\steam\steamapps\sourcemods\tf_coop_lambda\maps\highway_35.bsp
11610 faces
66343068 square feet [9553401856.00 square inches]
0 Displacements
0 Square Feet [0.00 Square Inches]
11610 patches before subdivision
543168 patches after subdivision
133 direct lights
0...1...2...3...4...5...6...7...8...9...100...1...2...3...4...5...6...7...8...9...10transfers 62273280, max 335
transfer lists: 475.1 megs
0...1...2...3...4...5...6...7...8...9...10	Bounce #1 added RGB(54313, 55317, 24699)
0...1...2...3...4...5...6...7...8...9...10	Bounce #2 added RGB(12173, 11580, 4693)
0...1...2...3...4...5...6...7...8...9...10	Bounce #3 added RGB(3628, 3355, 1229)
0...1...2...3...4...5...6...7...8...9...10	Bounce #4 added RGB(903, 790, 261)
0...1...2...3...4...5...6...7...8...9...10	Bounce #5 added RGB(254, 215, 64)
0...1...2...3...4...5...6...7...8...9...10	Bounce #6 added RGB(66, 53, 14)
0...1...2...3...4...5...6...7...8...9...10	Bounce #7 added RGB(18, 14, 3)
0...1...2...3...4...5...6...7...8...9...10	Bounce #8 added RGB(5, 4, 1)
0...1...2...3...4...5...6...7...8...9...10	Bounce #9 added RGB(1, 1, 0)
0...1...2...3...4...5...6...7...8...9...10	Bounce #10 added RGB(0, 0, 0)
Build Patch/Sample Hash Table(s).....Done<0.4936 sec>
0...1...2...3...4...5...6...7...8...9...10FinalLightFace Done
0 of 0 (0% of) surface lights went in leaf ambient cubes.
0...1...2...3...4...5...6...7...8...9...10Writing leaf ambient...done
Computing static prop lighting : 00...1...2...3...4...5...6...7...8...9...10
Ready to Finish

Object names       Objects/Maxobjs  Memory / Maxmem  Fullness 
------------       ---------------  ---------------  -------- 
models                  40/4096         1920/196608   ( 1.0%) 
brushes                504/32768        6048/393216   ( 1.5%) 
brushsides            3629/65536       29032/524288   ( 5.5%) 
planes                2084/65536       41680/1310720  ( 3.2%) 
vertexes             12960/65536      155520/786432   (19.8%) 
nodes                 7695/65536      246240/2097152  (11.7%) 
texinfos               535/12288       38520/884736   ( 4.4%) 
texdata                192/2048         6144/65536    ( 9.4%) 
dispinfos                0/0               0/0        ( 0.0%) 
disp_verts               0/0               0/0        ( 0.0%) 
disp_tris                0/0               0/0        ( 0.0%) 
disp_lmsamples           0/0               0/0        ( 0.0%) 
faces                11610/65536      650160/3670016  (17.7%) 
hdr faces                0/65536           0/3670016  ( 0.0%) 
origfaces             1274/65536       71344/3670016  ( 1.9%) 
leaves                7736/65536      247552/2097152  (11.8%) 
leaffaces            12420/65536       24840/131072   (19.0%) 
leafbrushes           4312/65536        8624/131072   ( 6.6%) 
areas                    2/1024           16/8192     ( 0.2%) 
surfedges            53950/512000     215800/2048000  (10.5%) 
edges                28231/256000     112924/1024000  (11.0%) 
LDR worldlights        133/16384       11704/1441792  ( 0.8%) 
HDR worldlights          0/16384           0/1441792  ( 0.0%) 
leafwaterdata            0/32768           0/393216   ( 0.0%) 
waterstrips            511/131072       5110/1310720  ( 0.4%) 
waterverts               0/131072          0/1572864  ( 0.0%) 
waterindices          6663/131072      13326/262144   ( 5.1%) 
cubemapsamples         316/1024         5056/16384    (30.9%) 
overlays                 0/1024            0/360448   ( 0.0%) 
LDR lightdata         [variable]    14738972/0        ( 0.0%) 
HDR lightdata         [variable]           0/0        ( 0.0%) 
visdata               [variable]     1648018/16777216 ( 9.8%) 
entdata               [variable]      177272/393216   (45.1%) 
LDR ambient table     7736/65536       30944/262144   (11.8%) 
HDR ambient table     7736/65536       30944/262144   (11.8%) 
LDR leaf ambient      5404/65536      151312/1835008  ( 8.2%) 
HDR leaf ambient      7736/65536      216608/1835008  (11.8%) 
occluders                0/0               0/0        ( 0.0%) 
occluder polygons        0/0               0/0        ( 0.0%) 
occluder vert ind        0/0               0/0        ( 0.0%) 
detail props          [variable]           1/12       ( 8.3%) 
static props          [variable]           1/732      ( 0.1%) 
pakfile               [variable]    27685378/0        ( 0.0%) 
physics               [variable]      189698/4194304  ( 4.5%) 
physics terrain       [variable]           2/1048576  ( 0.0%) 

Level flags = 1

Total triangle count: 25472
Writing c:\program files (x86)\steam\steamapps\sourcemods\tf_coop_lambda\maps\highway_35.bsp
19 seconds elapsed



[Reading texlights from 'lights.rad']
[50 texlights parsed from 'lights.rad']

Loading c:\program files (x86)\steam\steamapps\sourcemods\tf_coop_lambda\maps\highway_35.bsp
11610 faces
66343068 square feet [9553401856.00 square inches]
0 Displacements
0 Square Feet [0.00 Square Inches]
11610 patches before subdivision
543168 patches after subdivision
133 direct lights
0...1...2...3...4...5...6...7...8...9...100...1...2...3...4...5...6...7...8...9...10transfers 62273280, max 335
transfer lists: 475.1 megs
0...1...2...3...4...5...6...7...8...9...10	Bounce #1 added RGB(54313, 55317, 24699)
0...1...2...3...4...5...6...7...8...9...10	Bounce #2 added RGB(12173, 11580, 4693)
0...1...2...3...4...5...6...7...8...9...10	Bounce #3 added RGB(3628, 3355, 1229)
0...1...2...3...4...5...6...7...8...9...10	Bounce #4 added RGB(903, 790, 261)
0...1...2...3...4...5...6...7...8...9...10	Bounce #5 added RGB(254, 215, 64)
0...1...2...3...4...5...6...7...8...9...10	Bounce #6 added RGB(66, 53, 14)
0...1...2...3...4...5...6...7...8...9...10	Bounce #7 added RGB(18, 14, 3)
0...1...2...3...4...5...6...7...8...9...10	Bounce #8 added RGB(5, 4, 1)
0...1...2...3...4...5...6...7...8...9...10	Bounce #9 added RGB(1, 1, 0)
0...1...2...3...4...5...6...7...8...9...10	Bounce #10 added RGB(0, 0, 0)
Build Patch/Sample Hash Table(s).....Done<0.4903 sec>
0...1...2...3...4...5...6...7...8...9...10FinalLightFace Done
0 of 0 (0% of) surface lights went in leaf ambient cubes.
0...1...2...3...4...5...6...7...8...9...10Writing leaf ambient...done
Computing static prop lighting : 00...1...2...3...4...5...6...7...8...9...10
Ready to Finish

Object names       Objects/Maxobjs  Memory / Maxmem  Fullness 
------------       ---------------  ---------------  -------- 
models                  40/4096         1920/196608   ( 1.0%) 
brushes                504/32768        6048/393216   ( 1.5%) 
brushsides            3629/65536       29032/524288   ( 5.5%) 
planes                2084/65536       41680/1310720  ( 3.2%) 
vertexes             12960/65536      155520/786432   (19.8%) 
nodes                 7695/65536      246240/2097152  (11.7%) 
texinfos               535/12288       38520/884736   ( 4.4%) 
texdata                192/2048         6144/65536    ( 9.4%) 
dispinfos                0/0               0/0        ( 0.0%) 
disp_verts               0/0               0/0        ( 0.0%) 
disp_tris                0/0               0/0        ( 0.0%) 
disp_lmsamples           0/0               0/0        ( 0.0%) 
faces                11610/65536      650160/3670016  (17.7%) 
hdr faces            11610/65536      650160/3670016  (17.7%) 
origfaces             1274/65536       71344/3670016  ( 1.9%) 
leaves                7736/65536      247552/2097152  (11.8%) 
leaffaces            12420/65536       24840/131072   (19.0%) 
leafbrushes           4312/65536        8624/131072   ( 6.6%) 
areas                    2/1024           16/8192     ( 0.2%) 
surfedges            53950/512000     215800/2048000  (10.5%) 
edges                28231/256000     112924/1024000  (11.0%) 
LDR worldlights        133/16384       11704/1441792  ( 0.8%) 
HDR worldlights        133/16384       11704/1441792  ( 0.8%) 
leafwaterdata            0/32768           0/393216   ( 0.0%) 
waterstrips            511/131072       5110/1310720  ( 0.4%) 
waterverts               0/131072          0/1572864  ( 0.0%) 
waterindices          6663/131072      13326/262144   ( 5.1%) 
cubemapsamples         316/1024         5056/16384    (30.9%) 
overlays                 0/1024            0/360448   ( 0.0%) 
LDR lightdata         [variable]    14738972/0        ( 0.0%) 
HDR lightdata         [variable]    14738972/0        ( 0.0%) 
visdata               [variable]     1648018/16777216 ( 9.8%) 
entdata               [variable]      177272/393216   (45.1%) 
LDR ambient table     7736/65536       30944/262144   (11.8%) 
HDR ambient table     7736/65536       30944/262144   (11.8%) 
LDR leaf ambient      5404/65536      151312/1835008  ( 8.2%) 
HDR leaf ambient      5404/65536      151312/1835008  ( 8.2%) 
occluders                0/0               0/0        ( 0.0%) 
occluder polygons        0/0               0/0        ( 0.0%) 
occluder vert ind        0/0               0/0        ( 0.0%) 
detail props          [variable]           1/12       ( 8.3%) 
static props          [variable]           1/732      ( 0.1%) 
pakfile               [variable]    27716698/0        ( 0.0%) 
physics               [variable]      189698/4194304  ( 4.5%) 
physics terrain       [variable]           2/1048576  ( 0.0%) 

Level flags = 3

Total triangle count: 25472
Writing c:\program files (x86)\steam\steamapps\sourcemods\tf_coop_lambda\maps\highway_35.bsp
21 seconds elapsed
