models/props_lights/walllight001a_noalpha
models/props_lights/walllight001a_selfillum
models/props_lights/walllight001a_blue_noalpha
models/props_trainyard/handrail128_skin2
models/props_2fort/oildrum006
models/props_spytech/computer_wall02b_noalpha
models/props_spytech/computer_wall02b_selfillum
models/props_farm/welding_machine01
models/props_farm/shelf_props01
models/props_lights/floodlight001b
models/props_hydro/construction_light
models/props_mining/rock005
models/props_mining/rock005a
models/props_mining/rock003
models/props_mining/rock003a
models/props_mining/rock001
models/props_mining/rock001a
models/props_mining/rock006
models/props_mining/rock006a
models/props_farm/lamp002_skin1
models/props_spytech/computer_lowb
models/props_spytech/exit_mounted
models/props_mining/rock004
models/props_mining/rock004a
models/props_gameplay/sign_gameplay01_skin1
models/props_gameplay/sign_gameplay01_skin2
models/props_gameplay/sign_gameplay01_skin3
models/props_gameplay/sign_gameplay01_skin4
models/props_gameplay/sign_gameplay01_skin7
models/props_gameplay/sign_gameplay01_skin8
models/props_gameplay/sign_gameplay01_skin9
models/props_gameplay/sign_gameplay01_skin10
models/props_spytech/computer_printer002
models/props_debris/concretedebris_chunk01
models/props_gameplay/door_slide_noentry
models/props_gameplay/door_slide_large_noentry
