"blank"			"=========================="
"blank"			"#Valve_Movement_Title"
"blank"			"=========================="
"+forward"		"#Valve_Move_Forward"
"+back"			"#Valve_Move_Back"
"+moveleft"		"#Valve_Move_Left"
"+moveright"	"#Valve_Move_Right"
"+speed"		"#Valve_Sprint"
"+jump"			"#Valve_Jump"
"+duck"			"#Valve_Duck"
"+moveup"		"#Valve_Swim_Up"
"+movedown"		"#Valve_Swim_Down"
"+lookup"		"#Valve_Look_Up"
"+lookdown"		"#Valve_Look_Down"
"blank"			"=========================="
"blank"			"#Valve_Communication_Title"
"blank"			"=========================="
"+voicerecord"	"#Valve_Use_Voice_Communication"
"messagemode"			"#Valve_Chat_Message"
"messagemode2"		"#Valve_Team_Message"
"voice_menu_1"	"#TF_Voice_Menu_A"
"voice_menu_2"	"#TF_Voice_Menu_B"
"voice_menu_3"	"#TF_Voice_Menu_C"
"voicemenu 0 0"	"#TF_Call_For_Help"
"blank"			"=========================="
"blank"			"#TF_Title"
"blank"			"=========================="
"changeclass"	"#Valve_Change_Class"
"changeteam"	"#Valve_Change_Team"
"open_charinfo_direct" "#TF_Open_Charinfo"
"open_charinfo_backpack" "#TF_Open_Charinfo_Backpack"
"dropitem"		"#TF_DropFlag"
"+taunt"		"#TF_Taunt"
"+use_action_slot_item"	"#TF_Action"
"showmapinfo"	"#TF_MapInfo"
"+inspect"		"#TF_Inspect"
"callvote"		"#TF_call_vote"
"blank"			"=========================="
"blank"			"#TF_ClassSpecific_Keys"
"blank"			"=========================="
"+attack2"		"#TF_ClassSkill_Demoman"
"+attack2"		"#TF_ClassSkill_Heavy"
"+attack2"		"#TF_ClassSkill_Medic"
"+attack2"		"#TF_ClassSkill_Sniper"
"+attack2"		"#TF_ClassSkill_Spy"
"lastdisguise"	"#TF_ClassSkill_Spy_LastDisguise"
"disguiseteam"	"#TF_ClassSkill_Spy_DisguiseTeam"
"blank"			"=========================="
"blank"			"#Valve_Combat_Title"
"blank"			"=========================="
"+attack"		"#Valve_Primary_Attack"
"+attack2"		"#Valve_Secondary_Attack"
"+attack3"		"#TF_Special_Attack"
"+grenade1"		"#LFE_ThrowGrenade1"
"+grenade2"		"#LFE_ThrowGrenade2"
"+reload"		"#Valve_Reload_Weapon"
"invprev"		"#Valve_Previous_Weapon"
"invnext"		"#Valve_Next_Weapon"
"lastinv"		"#Valve_Last_Weapon_Used"
"slot1"			"#Valve_Weapon_Category_1"
"slot2"			"#Valve_Weapon_Category_2"
"slot3" 		"#Valve_Weapon_Category_3"
"slot4"			"#Valve_Weapon_Category_4"
"slot5"			"#Valve_Weapon_Category_5"
"slot6"			"#Valve_Weapon_Category_6"
"slot7"			"#Valve_Weapon_Category_7"
"slot8"			"#Valve_Weapon_Category_8"
"slot9"			"#Valve_Weapon_Category_9"
"slot10"		"#Valve_Weapon_Category_0"
"slot10"		"#Valve_Weapon_Category_0"
"blank"			"=========================="
"blank"			"#Valve_Miscellaneous_Title"
"blank"			"=========================="
"impulse 201"	"#Valve_Spray_Logo"
"+showscores"	"#Valve_Display_Scores"
"screenshot"	"#Valve_Take_Screen_Shot"
"quit"			"#Valve_Quit_Game"
"toggleconsole"	"#Valve_Console_Toggle"
"tournament_player_readystate" "#TF_Player_ReadyToggle"
"blank"			"=========================="
"blank"			"#LFE_Title"
"blank"			"=========================="
"+use"			"#Valve_Use_Items"
"phys_swap"		"#Valve_Gravity_Gun"
"impulse 100"	"#Valve_Flashlight"